[{"line":2,"elements":[{"line":4,"name":"","description":"","type":"background","keyword":"Background","steps":[{"result":{"duration":316167100,"status":"passed"},"line":5,"name":"User is on retail website","match":{"location":"tek.sdet.framework.steps.RetailSteps.userIsOnRetailWebsite()"},"keyword":"Given "},{"result":{"duration":126991300,"status":"passed"},"line":6,"name":"User click on Sign in option","match":{"location":"tek.sdet.framework.steps.SignInSteps.userClickOnSignInOption()"},"keyword":"When "},{"result":{"duration":228570000,"status":"passed"},"line":7,"name":"User enter email 'test.shaiq@tek.com' and password 'Tek@12345'","match":{"arguments":[{"val":"'test.shaiq@tek.com'","offset":17},{"val":"'Tek@12345'","offset":51}],"location":"tek.sdet.framework.steps.SignInSteps.userEnterEmailAndPassword(java.lang.String,java.lang.String)"},"keyword":"And "},{"result":{"duration":75787900,"status":"passed"},"line":8,"name":"User click on login button","match":{"location":"tek.sdet.framework.steps.SignInSteps.userClickOnLoginButton()"},"keyword":"And "},{"result":{"error_message":"org.openqa.selenium.NoSuchElementException: Unable to find element with locator By.xpath: //a[text()='Account']\nFor documentation on this error, please visit: https://selenium.dev/exceptions/#no_such_element\nBuild info: version: '4.4.0', revision: 'e5c75ed026a'\nSystem info: host: 'TEKSCHOOL', ip: '192.168.1.231', os.name: 'Windows 11', os.arch: 'amd64', os.version: '10.0', java.version: '17.0.5'\nDriver info: driver.version: RemoteWebDriver\r\n\tat org.openqa.selenium.remote.ElementLocation$ElementFinder$2.findElement(ElementLocation.java:165)\r\n\tat org.openqa.selenium.remote.ElementLocation.findElement(ElementLocation.java:60)\r\n\tat org.openqa.selenium.remote.RemoteWebDriver.findElement(RemoteWebDriver.java:365)\r\n\tat org.openqa.selenium.remote.RemoteWebDriver.findElement(RemoteWebDriver.java:357)\r\n\tat org.openqa.selenium.support.pagefactory.DefaultElementLocator.findElement(DefaultElementLocator.java:70)\r\n\tat org.openqa.selenium.support.pagefactory.internal.LocatingElementHandler.invoke(LocatingElementHandler.java:39)\r\n\tat jdk.proxy2/jdk.proxy2.$Proxy25.isDisplayed(Unknown Source)\r\n\tat tek.sdet.framework.utilities.CommonUtility.isElementDisplayed(CommonUtility.java:141)\r\n\tat tek.sdet.framework.steps.SignInSteps.userShouldBeLoggedInIntoAccount(SignInSteps.java:40)\r\n\tat âœ½.User should be logged in into Account(classpath:features/RetailAccount.feature:9)\r\n","duration":8652010700,"status":"failed"},"line":9,"name":"User should be logged in into Account","match":{"location":"tek.sdet.framework.steps.SignInSteps.userShouldBeLoggedInIntoAccount()"},"keyword":"And "}]},{"start_timestamp":"2023-02-28T00:16:22.402Z","before":[{"result":{"duration":3154097100,"status":"passed"},"match":{"location":"tek.sdet.framework.base.BaseUITest.setupTests()"}}],"line":18,"name":"Verify User can add  an Address","description":"","id":"retail-application-account-feature;verify-user-can-add--an-address","after":[{"result":{"error_message":"org.openqa.selenium.NoSuchWindowException: no such window: target window already closed\nfrom unknown error: web view not found\n  (Session info: chrome=110.0.5481.105)\nBuild info: version: '4.4.0', revision: 'e5c75ed026a'\nSystem info: host: 'TEKSCHOOL', ip: '192.168.1.231', os.name: 'Windows 11', os.arch: 'amd64', os.version: '10.0', java.version: '17.0.5'\nDriver info: org.openqa.selenium.chrome.ChromeDriver\nCommand: [66c872e320c0c536770640df49917234, screenshot {}]\nCapabilities {acceptInsecureCerts: false, browserName: chrome, browserVersion: 110.0.5481.105, chrome: {chromedriverVersion: 110.0.5481.77 (65ed616c6e8e..., userDataDir: C:\\Users\\teksc\\AppData\\Loca...}, goog:chromeOptions: {debuggerAddress: localhost:50572}, networkConnectionEnabled: false, pageLoadStrategy: normal, platformName: WINDOWS, proxy: Proxy(), se:cdp: ws://localhost:50572/devtoo..., se:cdpVersion: 110.0.5481.105, setWindowRect: true, strictFileInteractability: false, timeouts: {implicit: 0, pageLoad: 300000, script: 30000}, unhandledPromptBehavior: dismiss and notify, webauthn:extension:credBlob: true, webauthn:extension:largeBlob: true, webauthn:virtualAuthenticators: true}\nSession ID: 66c872e320c0c536770640df49917234\r\n\tat java.base/jdk.internal.reflect.NativeConstructorAccessorImpl.newInstance0(Native Method)\r\n\tat java.base/jdk.internal.reflect.NativeConstructorAccessorImpl.newInstance(NativeConstructorAccessorImpl.java:77)\r\n\tat java.base/jdk.internal.reflect.DelegatingConstructorAccessorImpl.newInstance(DelegatingConstructorAccessorImpl.java:45)\r\n\tat java.base/java.lang.reflect.Constructor.newInstanceWithCaller(Constructor.java:499)\r\n\tat java.base/java.lang.reflect.Constructor.newInstance(Constructor.java:480)\r\n\tat org.openqa.selenium.remote.codec.w3c.W3CHttpResponseCodec.createException(W3CHttpResponseCodec.java:200)\r\n\tat org.openqa.selenium.remote.codec.w3c.W3CHttpResponseCodec.decode(W3CHttpResponseCodec.java:133)\r\n\tat org.openqa.selenium.remote.codec.w3c.W3CHttpResponseCodec.decode(W3CHttpResponseCodec.java:53)\r\n\tat org.openqa.selenium.remote.HttpCommandExecutor.execute(HttpCommandExecutor.java:184)\r\n\tat org.openqa.selenium.remote.service.DriverCommandExecutor.invokeExecute(DriverCommandExecutor.java:167)\r\n\tat org.openqa.selenium.remote.service.DriverCommandExecutor.execute(DriverCommandExecutor.java:142)\r\n\tat org.openqa.selenium.remote.RemoteWebDriver.execute(RemoteWebDriver.java:547)\r\n\tat org.openqa.selenium.remote.RemoteWebDriver.execute(RemoteWebDriver.java:602)\r\n\tat org.openqa.selenium.remote.RemoteWebDriver.execute(RemoteWebDriver.java:606)\r\n\tat org.openqa.selenium.remote.RemoteWebDriver.getScreenshotAs(RemoteWebDriver.java:331)\r\n\tat tek.sdet.framework.utilities.CommonUtility.takeScreenShotAsBytes(CommonUtility.java:59)\r\n\tat tek.sdet.framework.base.BaseUITest.closeTests(BaseUITest.java:18)\r\n","duration":16473000,"status":"failed"},"match":{"location":"tek.sdet.framework.base.BaseUITest.closeTests(io.cucumber.java.Scenario)"}}],"type":"scenario","keyword":"Scenario","steps":[{"result":{"status":"skipped"},"line":19,"name":"User click on Account option","match":{"location":"tek.sdet.framework.steps.RetailAccountSteps.userClickOnAccountOption()"},"keyword":"When "},{"result":{"duration":998500,"status":"skipped"},"line":20,"name":"User click on  Add address option","match":{"location":"tek.sdet.framework.steps.RetailAccountSteps.userClickOnAddAddressOption()"},"keyword":"And "},{"result":{"status":"skipped"},"line":21,"name":"User fill new address form with below information","match":{"location":"tek.sdet.framework.steps.RetailAccountSteps.userFllNewAddressFormWithBelowInformation(io.cucumber.datatable.DataTable)"},"rows":[{"cells":["country","fullName","PhoneNumber","StreetAddress","apt","city","state","zipCode"]}],"keyword":"And "},{"result":{"status":"skipped"},"line":23,"name":"User click Add Your Address button","match":{"location":"tek.sdet.framework.steps.RetailAccountSteps.userClickAddYourAddressButton()"},"keyword":"And "},{"result":{"status":"skipped"},"line":24,"name":"a message should be displayed 'Address Added Successfully'","match":{"arguments":[{"val":"'Address Added Successfully'","offset":30}],"location":"tek.sdet.framework.steps.RetailAccountSteps.aMessageShouldBeDisplayed(java.lang.String)"},"keyword":"Then "}],"tags":[{"name":"@CompleteTest"},{"name":"@addAddress"}]}],"name":"Retail Application Account Feature","description":"","id":"retail-application-account-feature","keyword":"Feature","uri":"classpath:features/RetailAccount.feature","tags":[{"name":"@CompleteTest","type":"Tag","location":{"line":1,"column":1}}]}]